<?xml version="1.0" encoding="UTF-8"?>
<!-- Generated by org.testng.reporters.JUnitReportReporter -->
<testsuite skipped="0" hostname="netstorm-TECRA-C50-C" name="Browser.FireFoxBrowser" tests="1" failures="0" timestamp="16 Sep 2018 07:25:52 GMT" time="5.834" errors="0">
  <testcase name="execute" time="5.834" classname="Browser.FireFoxBrowser"/>
</testsuite> <!-- Browser.FireFoxBrowser -->
