<?xml version="1.0" encoding="UTF-8"?>
<!-- Generated by org.testng.reporters.JUnitReportReporter -->
<testsuite skipped="0" hostname="netstorm-TECRA-C50-C" name="com.selenium.Demo.ChromeNotificationDisable" tests="1" failures="0" timestamp="14 Aug 2017 04:55:09 GMT" time="9.262" errors="0">
  <testcase name="call" time="9.262" classname="com.selenium.Demo.ChromeNotificationDisable"/>
</testsuite> <!-- com.selenium.Demo.ChromeNotificationDisable -->
