<?xml version="1.0" encoding="UTF-8"?>
<!-- Generated by org.testng.reporters.JUnitReportReporter -->
<testsuite skipped="0" hostname="netstorm-TECRA-C50-C" name="com.selenium.Demo.Test1" tests="1" failures="0" timestamp="10 Aug 2017 07:24:09 GMT" time="0.018" errors="0">
  <testcase name="f" time="0.018" classname="com.selenium.Demo.Test1"/>
</testsuite> <!-- com.selenium.Demo.Test1 -->
