<?xml version="1.0" encoding="UTF-8"?>
<!-- Generated by org.testng.reporters.JUnitReportReporter -->
<testsuite hostname="netstorm-TECRA-C50-C" name="Demo.Cmon_Utility_Check" tests="1" failures="0" timestamp="8 Feb 2017 09:10:56 GMT" time="0.016" errors="0">
  <testcase name="test" time="0.016" classname="Demo.Cmon_Utility_Check"/>
</testsuite> <!-- Demo.Cmon_Utility_Check -->
