<?xml version="1.0" encoding="UTF-8"?>
<!-- Generated by org.testng.reporters.JUnitReportReporter -->
<testsuite hostname="netstorm-TECRA-C50-C" name="Demo.LoadTest" tests="5" failures="0" timestamp="9 Dec 2017 07:08:49 GMT" time="60.405" errors="0">
  <testcase name="loadTest" time="14.619" classname="Demo.LoadTest"/>
  <testcase name="loadTest" time="10.798" classname="Demo.LoadTest"/>
  <testcase name="loadTest" time="5.297" classname="Demo.LoadTest"/>
  <testcase name="loadTest" time="9.676" classname="Demo.LoadTest"/>
  <testcase name="loadTest" time="20.015" classname="Demo.LoadTest"/>
</testsuite> <!-- Demo.LoadTest -->
